<?xml version="1.0" encoding="UTF-8"?>
<testsuites name="GDA" time="196.328" tests="12" failures="1" errors="0">
   <testsuite name="GDA" tests="12" failures="1" errors="0" time="196.328" timestamp="2020-10-28 14:50:11" hostname="Lexoter - DESKTOP-IJBB9BE" id="Test Suites/GDA">
      <properties>
         <property name="deviceName" value=""/>
         <property name="devicePlatform" value=""/>
         <property name="logFolder" value="K:\\Work\\GitHub\\find-common-custom-code\\Reports\\20201028_145001\\GDA\\20201028_145001"/>
         <property name="logFiles" value="K:\\Work\\GitHub\\find-common-custom-code\\Reports\\20201028_145001\\GDA\\20201028_145001\\execution0.log"/>
         <property name="attachments" value="K:\\Work\\GitHub\\find-common-custom-code\\Reports\\20201028_145001\\GDA\\20201028_145001\\1603868007149.png, K:\\Work\\GitHub\\find-common-custom-code\\Reports\\20201028_145001\\GDA\\20201028_145001\\1603868007302.png"/>
         <property name="hostName" value="Lexoter - DESKTOP-IJBB9BE"/>
         <property name="os" value="Windows 10 64bit"/>
         <property name="katalonVersion" value="7.6.6.205"/>
         <property name="browser" value="Firefox 81.0"/>
         <property name="hostAddress" value="192.168.56.1"/>
         <property name="sessionId" value="34d156aa-86e8-417b-9dee-237946351e03"/>
         <property name="seleniumVersion" value="3.141.59"/>
         <property name="proxyInformation" value="ProxyInformation { proxyOption=NO_PROXY, proxyServerType=HTTP, username=, password=********, proxyServerAddress=, proxyServerPort=0, executionList=&quot;&quot;, isApplyToDesiredCapabilities=true }"/>
         <property name="platform" value="Windows 10"/>
      </properties>
      <testcase name="Test Cases/GDA/TC_UI_001" time="15.055" classname="Test Cases/GDA/TC_UI_001" status="PASSED">
         <system-out><![CDATA[2020-10-28 14:50:12 - [TEST_CASE][PASSED] - Test Cases/GDA/TC_UI_001: Test Cases/GDA/TC_UI_001

2020-10-28 14:50:12 - [TEST_STEP][PASSED] - callTestCase(findTestCase("UTILITIES/Open Marketplace GDA"), [:], STOP_ON_FAILURE): Call Test Case 'Test Cases/UTILITIES/Open Marketplace GDA' successfully

2020-10-28 14:50:12 - [TEST_CASE][PASSED] - Test Cases/UTILITIES/Open Marketplace GDA: Test Cases/UTILITIES/Open Marketplace GDA

2020-10-28 14:50:12 - [TEST_STEP][PASSED] - openBrowser(""): Browser is opened with url: ''

2020-10-28 14:50:13 - [MESSAGE][INFO] - Starting 'Firefox' driver

2020-10-28 14:50:13 - [MESSAGE][INFO] - Action delay is set to 0 milliseconds

2020-10-28 14:50:16 - [MESSAGE][PASSED] - Browser is opened with url: ''

2020-10-28 14:50:16 - [TEST_STEP][PASSED] - navigateToUrl(otherurl): Navigate to 'https://gdastaging.test-arcadier.com/' successfully

2020-10-28 14:50:26 - [MESSAGE][PASSED] - Navigate to 'https://gdastaging.test-arcadier.com/' successfully

2020-10-28 14:50:26 - [MESSAGE][PASSED] - Call Test Case 'Test Cases/UTILITIES/Open Marketplace GDA' successfully

2020-10-28 14:50:26 - [TEST_STEP][PASSED] - verifyElementVisible(findTestObject("COVID19 homepage object/input_Search bar")): Object 'Object Repository/COVID19 homepage object/input_Search bar' is visible

2020-10-28 14:50:27 - [MESSAGE][PASSED] - Object 'Object Repository/COVID19 homepage object/input_Search bar' is visible]]></system-out>
         <system-err><![CDATA[]]></system-err>
      </testcase>
      <testcase name="Test Cases/GDA/TC_UI_002" time="17.424" classname="Test Cases/GDA/TC_UI_002" status="PASSED">
         <system-out><![CDATA[2020-10-28 14:50:27 - [TEST_CASE][PASSED] - Test Cases/GDA/TC_UI_002: Test Cases/GDA/TC_UI_002

2020-10-28 14:50:27 - [TEST_STEP][PASSED] - callTestCase(findTestCase("UTILITIES/Open Marketplace GDA"), [:], STOP_ON_FAILURE): Call Test Case 'Test Cases/UTILITIES/Open Marketplace GDA' successfully

2020-10-28 14:50:27 - [TEST_CASE][PASSED] - Test Cases/UTILITIES/Open Marketplace GDA: Test Cases/UTILITIES/Open Marketplace GDA

2020-10-28 14:50:27 - [TEST_STEP][PASSED] - openBrowser(""): Browser is opened with url: ''

2020-10-28 14:50:27 - [MESSAGE][WARNING] - A browser is already opened. Closing browser and opening a new one

2020-10-28 14:50:28 - [MESSAGE][INFO] - Starting 'Firefox' driver

2020-10-28 14:50:28 - [MESSAGE][INFO] - Action delay is set to 0 milliseconds

2020-10-28 14:50:30 - [MESSAGE][PASSED] - Browser is opened with url: ''

2020-10-28 14:50:30 - [TEST_STEP][PASSED] - navigateToUrl(otherurl): Navigate to 'https://gdastaging.test-arcadier.com/' successfully

2020-10-28 14:50:44 - [MESSAGE][PASSED] - Navigate to 'https://gdastaging.test-arcadier.com/' successfully

2020-10-28 14:50:44 - [MESSAGE][PASSED] - Call Test Case 'Test Cases/UTILITIES/Open Marketplace GDA' successfully

2020-10-28 14:50:44 - [TEST_STEP][PASSED] - verifyElementNotVisible(findTestObject("COVID19 homepage object/Be A Seller")): Object 'Object Repository/COVID19 homepage object/Be A Seller' is NOT visible

2020-10-28 14:50:44 - [MESSAGE][PASSED] - Object 'Object Repository/COVID19 homepage object/Be A Seller' is NOT visible]]></system-out>
         <system-err><![CDATA[]]></system-err>
      </testcase>
      <testcase name="Test Cases/GDA/TC_UI_003" time="12.899" classname="Test Cases/GDA/TC_UI_003" status="PASSED">
         <system-out><![CDATA[2020-10-28 14:50:44 - [TEST_CASE][PASSED] - Test Cases/GDA/TC_UI_003: Test Cases/GDA/TC_UI_003

2020-10-28 14:50:44 - [TEST_STEP][PASSED] - callTestCase(findTestCase("UTILITIES/Open Marketplace GDA"), [:], STOP_ON_FAILURE): Call Test Case 'Test Cases/UTILITIES/Open Marketplace GDA' successfully

2020-10-28 14:50:44 - [TEST_CASE][PASSED] - Test Cases/UTILITIES/Open Marketplace GDA: Test Cases/UTILITIES/Open Marketplace GDA

2020-10-28 14:50:44 - [TEST_STEP][PASSED] - openBrowser(""): Browser is opened with url: ''

2020-10-28 14:50:44 - [MESSAGE][WARNING] - A browser is already opened. Closing browser and opening a new one

2020-10-28 14:50:45 - [MESSAGE][INFO] - Starting 'Firefox' driver

2020-10-28 14:50:45 - [MESSAGE][INFO] - Action delay is set to 0 milliseconds

2020-10-28 14:50:48 - [MESSAGE][PASSED] - Browser is opened with url: ''

2020-10-28 14:50:48 - [TEST_STEP][PASSED] - navigateToUrl(otherurl): Navigate to 'https://gdastaging.test-arcadier.com/' successfully

2020-10-28 14:50:56 - [MESSAGE][PASSED] - Navigate to 'https://gdastaging.test-arcadier.com/' successfully

2020-10-28 14:50:56 - [MESSAGE][PASSED] - Call Test Case 'Test Cases/UTILITIES/Open Marketplace GDA' successfully

2020-10-28 14:50:56 - [TEST_STEP][PASSED] - verifyElementNotVisible(findTestObject("COVID19 homepage object/Cart")): Object 'Object Repository/COVID19 homepage object/Cart' is NOT visible

2020-10-28 14:50:57 - [MESSAGE][PASSED] - Object 'Object Repository/COVID19 homepage object/Cart' is NOT visible]]></system-out>
         <system-err><![CDATA[]]></system-err>
      </testcase>
      <testcase name="Test Cases/GDA/TC_UI_004" time="16.281" classname="Test Cases/GDA/TC_UI_004" status="PASSED">
         <system-out><![CDATA[2020-10-28 14:50:57 - [TEST_CASE][PASSED] - Test Cases/GDA/TC_UI_004: Test Cases/GDA/TC_UI_004

2020-10-28 14:50:57 - [TEST_STEP][PASSED] - callTestCase(findTestCase("UTILITIES/Open Marketplace GDA"), [:], STOP_ON_FAILURE): Call Test Case 'Test Cases/UTILITIES/Open Marketplace GDA' successfully

2020-10-28 14:50:57 - [TEST_CASE][PASSED] - Test Cases/UTILITIES/Open Marketplace GDA: Test Cases/UTILITIES/Open Marketplace GDA

2020-10-28 14:50:57 - [TEST_STEP][PASSED] - openBrowser(""): Browser is opened with url: ''

2020-10-28 14:50:57 - [MESSAGE][WARNING] - A browser is already opened. Closing browser and opening a new one

2020-10-28 14:50:58 - [MESSAGE][INFO] - Starting 'Firefox' driver

2020-10-28 14:50:58 - [MESSAGE][INFO] - Action delay is set to 0 milliseconds

2020-10-28 14:51:01 - [MESSAGE][PASSED] - Browser is opened with url: ''

2020-10-28 14:51:01 - [TEST_STEP][PASSED] - navigateToUrl(otherurl): Navigate to 'https://gdastaging.test-arcadier.com/' successfully

2020-10-28 14:51:13 - [MESSAGE][PASSED] - Navigate to 'https://gdastaging.test-arcadier.com/' successfully

2020-10-28 14:51:13 - [MESSAGE][PASSED] - Call Test Case 'Test Cases/UTILITIES/Open Marketplace GDA' successfully

2020-10-28 14:51:13 - [TEST_STEP][PASSED] - verifyElementNotVisible(findTestObject("COVID19 homepage object/Language")): Object 'Object Repository/COVID19 homepage object/Language' is NOT visible

2020-10-28 14:51:13 - [MESSAGE][PASSED] - Object 'Object Repository/COVID19 homepage object/Language' is NOT visible]]></system-out>
         <system-err><![CDATA[]]></system-err>
      </testcase>
      <testcase name="Test Cases/GDA/TC_UI_005_GDA" time="16.108" classname="Test Cases/GDA/TC_UI_005_GDA" status="PASSED">
         <system-out><![CDATA[2020-10-28 14:51:13 - [TEST_CASE][PASSED] - Test Cases/GDA/TC_UI_005_GDA: Test Cases/GDA/TC_UI_005_GDA

2020-10-28 14:51:13 - [TEST_STEP][PASSED] - callTestCase(findTestCase("UTILITIES/Open Marketplace GDA"), [:], STOP_ON_FAILURE): Call Test Case 'Test Cases/UTILITIES/Open Marketplace GDA' successfully

2020-10-28 14:51:14 - [TEST_CASE][PASSED] - Test Cases/UTILITIES/Open Marketplace GDA: Test Cases/UTILITIES/Open Marketplace GDA

2020-10-28 14:51:14 - [TEST_STEP][PASSED] - openBrowser(""): Browser is opened with url: ''

2020-10-28 14:51:14 - [MESSAGE][WARNING] - A browser is already opened. Closing browser and opening a new one

2020-10-28 14:51:14 - [MESSAGE][INFO] - Starting 'Firefox' driver

2020-10-28 14:51:14 - [MESSAGE][INFO] - Action delay is set to 0 milliseconds

2020-10-28 14:51:17 - [MESSAGE][PASSED] - Browser is opened with url: ''

2020-10-28 14:51:17 - [TEST_STEP][PASSED] - navigateToUrl(otherurl): Navigate to 'https://gdastaging.test-arcadier.com/' successfully

2020-10-28 14:51:26 - [MESSAGE][PASSED] - Navigate to 'https://gdastaging.test-arcadier.com/' successfully

2020-10-28 14:51:26 - [MESSAGE][PASSED] - Call Test Case 'Test Cases/UTILITIES/Open Marketplace GDA' successfully

2020-10-28 14:51:26 - [TEST_STEP][PASSED] - verifyElementVisible(findTestObject("GDA homepage object/a_TUBERCULOSIS DIAGNOSTICS")): Object 'Object Repository/GDA homepage object/a_TUBERCULOSIS DIAGNOSTICS' is visible

2020-10-28 14:51:27 - [MESSAGE][PASSED] - Object 'Object Repository/GDA homepage object/a_TUBERCULOSIS DIAGNOSTICS' is visible

2020-10-28 14:51:27 - [TEST_STEP][PASSED] - verifyElementText(findTestObject("GDA homepage object/a_TUBERCULOSIS DIAGNOSTICS"), "TUBERCULOSIS DIAGNOSTICS"): Actual text and expected text of test object 'Object Repository/GDA homepage object/a_TUBERCULOSIS DIAGNOSTICS' are matched.

2020-10-28 14:51:29 - [MESSAGE][PASSED] - Actual text and expected text of test object 'Object Repository/GDA homepage object/a_TUBERCULOSIS DIAGNOSTICS' are matched.

2020-10-28 14:51:29 - [TEST_STEP][PASSED] - verifyElementClickable(findTestObject("GDA homepage object/a_TUBERCULOSIS DIAGNOSTICS")): Object 'Object Repository/GDA homepage object/a_TUBERCULOSIS DIAGNOSTICS' is clickable

2020-10-28 14:51:29 - [MESSAGE][PASSED] - Object 'Object Repository/GDA homepage object/a_TUBERCULOSIS DIAGNOSTICS' is clickable

2020-10-28 14:51:29 - [TEST_STEP][PASSED] - verifyElementAttributeValue(findTestObject("GDA homepage object/a_TUBERCULOSIS DIAGNOSTICS"), "href", "https://gdastaging.test-arcadier.com/user/search?categoryid=442f3f18-cc83-4530-ac4c-de165130fd8a&category=Tuberculosis%20diagnostics", 0): Object 'Object Repository/GDA homepage object/a_TUBERCULOSIS DIAGNOSTICS' has attribute 'href' with value 'https://gdastaging.test-arcadier.com/user/search?categoryid=442f3f18-cc83-4530-ac4c-de165130fd8a&category=Tuberculosis%20diagnostics'

2020-10-28 14:51:29 - [MESSAGE][WARNING] - Timeout '0' is invalid. Using default page load timeout: '30'

2020-10-28 14:51:29 - [MESSAGE][PASSED] - Object 'Object Repository/GDA homepage object/a_TUBERCULOSIS DIAGNOSTICS' has attribute 'href' with value 'https://gdastaging.test-arcadier.com/user/search?categoryid=442f3f18-cc83-4530-ac4c-de165130fd8a&category=Tuberculosis%20diagnostics']]></system-out>
         <system-err><![CDATA[]]></system-err>
      </testcase>
      <testcase name="Test Cases/GDA/TC_UI_006_GDA" time="15.782" classname="Test Cases/GDA/TC_UI_006_GDA" status="PASSED">
         <system-out><![CDATA[2020-10-28 14:51:29 - [TEST_CASE][PASSED] - Test Cases/GDA/TC_UI_006_GDA: Test Cases/GDA/TC_UI_006_GDA

2020-10-28 14:51:30 - [TEST_STEP][PASSED] - callTestCase(findTestCase("UTILITIES/Open Marketplace GDA"), [:], STOP_ON_FAILURE): Call Test Case 'Test Cases/UTILITIES/Open Marketplace GDA' successfully

2020-10-28 14:51:30 - [TEST_CASE][PASSED] - Test Cases/UTILITIES/Open Marketplace GDA: Test Cases/UTILITIES/Open Marketplace GDA

2020-10-28 14:51:30 - [TEST_STEP][PASSED] - openBrowser(""): Browser is opened with url: ''

2020-10-28 14:51:30 - [MESSAGE][WARNING] - A browser is already opened. Closing browser and opening a new one

2020-10-28 14:51:30 - [MESSAGE][INFO] - Starting 'Firefox' driver

2020-10-28 14:51:30 - [MESSAGE][INFO] - Action delay is set to 0 milliseconds

2020-10-28 14:51:33 - [MESSAGE][PASSED] - Browser is opened with url: ''

2020-10-28 14:51:33 - [TEST_STEP][PASSED] - navigateToUrl(otherurl): Navigate to 'https://gdastaging.test-arcadier.com/' successfully

2020-10-28 14:51:42 - [MESSAGE][PASSED] - Navigate to 'https://gdastaging.test-arcadier.com/' successfully

2020-10-28 14:51:42 - [MESSAGE][PASSED] - Call Test Case 'Test Cases/UTILITIES/Open Marketplace GDA' successfully

2020-10-28 14:51:42 - [TEST_STEP][PASSED] - verifyElementVisible(findTestObject("GDA homepage object/a_DIABETES DIAGNOSTICS")): Object 'Object Repository/GDA homepage object/a_DIABETES DIAGNOSTICS' is visible

2020-10-28 14:51:42 - [MESSAGE][PASSED] - Object 'Object Repository/GDA homepage object/a_DIABETES DIAGNOSTICS' is visible

2020-10-28 14:51:42 - [TEST_STEP][PASSED] - verifyElementText(findTestObject("GDA homepage object/a_DIABETES DIAGNOSTICS"), "DIABETES DIAGNOSTICS"): Actual text and expected text of test object 'Object Repository/GDA homepage object/a_DIABETES DIAGNOSTICS' are matched.

2020-10-28 14:51:44 - [MESSAGE][PASSED] - Actual text and expected text of test object 'Object Repository/GDA homepage object/a_DIABETES DIAGNOSTICS' are matched.

2020-10-28 14:51:44 - [TEST_STEP][PASSED] - verifyElementClickable(findTestObject("GDA homepage object/a_DIABETES DIAGNOSTICS")): Object 'Object Repository/GDA homepage object/a_DIABETES DIAGNOSTICS' is clickable

2020-10-28 14:51:45 - [MESSAGE][PASSED] - Object 'Object Repository/GDA homepage object/a_DIABETES DIAGNOSTICS' is clickable

2020-10-28 14:51:45 - [TEST_STEP][PASSED] - verifyElementAttributeValue(findTestObject("GDA homepage object/a_DIABETES DIAGNOSTICS"), "href", "https://gdastaging.test-arcadier.com/user/search?categoryid=ca2df17a-39db-4511-bc38-a27dc2d12cc8&category=Diabetes%20diagnostics", 0): Object 'Object Repository/GDA homepage object/a_DIABETES DIAGNOSTICS' has attribute 'href' with value 'https://gdastaging.test-arcadier.com/user/search?categoryid=ca2df17a-39db-4511-bc38-a27dc2d12cc8&category=Diabetes%20diagnostics'

2020-10-28 14:51:45 - [MESSAGE][WARNING] - Timeout '0' is invalid. Using default page load timeout: '30'

2020-10-28 14:51:45 - [MESSAGE][PASSED] - Object 'Object Repository/GDA homepage object/a_DIABETES DIAGNOSTICS' has attribute 'href' with value 'https://gdastaging.test-arcadier.com/user/search?categoryid=ca2df17a-39db-4511-bc38-a27dc2d12cc8&category=Diabetes%20diagnostics']]></system-out>
         <system-err><![CDATA[]]></system-err>
      </testcase>
      <testcase name="Test Cases/GDA/TC_UI_007_GDA" time="14.71" classname="Test Cases/GDA/TC_UI_007_GDA" status="PASSED">
         <system-out><![CDATA[2020-10-28 14:51:45 - [TEST_CASE][PASSED] - Test Cases/GDA/TC_UI_007_GDA: Test Cases/GDA/TC_UI_007_GDA

2020-10-28 14:51:45 - [TEST_STEP][PASSED] - callTestCase(findTestCase("UTILITIES/Open Marketplace GDA"), [:], STOP_ON_FAILURE): Call Test Case 'Test Cases/UTILITIES/Open Marketplace GDA' successfully

2020-10-28 14:51:45 - [TEST_CASE][PASSED] - Test Cases/UTILITIES/Open Marketplace GDA: Test Cases/UTILITIES/Open Marketplace GDA

2020-10-28 14:51:45 - [TEST_STEP][PASSED] - openBrowser(""): Browser is opened with url: ''

2020-10-28 14:51:45 - [MESSAGE][WARNING] - A browser is already opened. Closing browser and opening a new one

2020-10-28 14:51:46 - [MESSAGE][INFO] - Starting 'Firefox' driver

2020-10-28 14:51:46 - [MESSAGE][INFO] - Action delay is set to 0 milliseconds

2020-10-28 14:51:49 - [MESSAGE][PASSED] - Browser is opened with url: ''

2020-10-28 14:51:49 - [TEST_STEP][PASSED] - navigateToUrl(otherurl): Navigate to 'https://gdastaging.test-arcadier.com/' successfully

2020-10-28 14:51:58 - [MESSAGE][PASSED] - Navigate to 'https://gdastaging.test-arcadier.com/' successfully

2020-10-28 14:51:58 - [MESSAGE][PASSED] - Call Test Case 'Test Cases/UTILITIES/Open Marketplace GDA' successfully

2020-10-28 14:51:58 - [TEST_STEP][PASSED] - verifyElementVisible(findTestObject("GDA homepage object/a_HEPATITIS C  HIV DIAGNOSTICS")): Object 'Object Repository/GDA homepage object/a_HEPATITIS C  HIV DIAGNOSTICS' is visible

2020-10-28 14:51:59 - [MESSAGE][PASSED] - Object 'Object Repository/GDA homepage object/a_HEPATITIS C  HIV DIAGNOSTICS' is visible

2020-10-28 14:51:59 - [TEST_STEP][PASSED] - verifyElementText(findTestObject("GDA homepage object/a_HEPATITIS C  HIV DIAGNOSTICS"), "HEPATITIS C & HIV DIAGNOSTICS"): Actual text and expected text of test object 'Object Repository/GDA homepage object/a_HEPATITIS C  HIV DIAGNOSTICS' are matched.

2020-10-28 14:51:59 - [MESSAGE][PASSED] - Actual text and expected text of test object 'Object Repository/GDA homepage object/a_HEPATITIS C  HIV DIAGNOSTICS' are matched.

2020-10-28 14:51:59 - [TEST_STEP][PASSED] - verifyElementClickable(findTestObject("GDA homepage object/a_HEPATITIS C  HIV DIAGNOSTICS")): Object 'Object Repository/GDA homepage object/a_HEPATITIS C  HIV DIAGNOSTICS' is clickable

2020-10-28 14:52:00 - [MESSAGE][PASSED] - Object 'Object Repository/GDA homepage object/a_HEPATITIS C  HIV DIAGNOSTICS' is clickable

2020-10-28 14:52:00 - [TEST_STEP][PASSED] - verifyElementAttributeValue(findTestObject("GDA homepage object/a_HEPATITIS C  HIV DIAGNOSTICS"), "href", "https://gdastaging.test-arcadier.com/user/search?categoryid=d43da890-e478-4eee-b5d7-d38d9d55495f&category=Hepatitis%20C%20&%20HIV%20diagnostics", 0): Object 'Object Repository/GDA homepage object/a_HEPATITIS C  HIV DIAGNOSTICS' has attribute 'href' with value 'https://gdastaging.test-arcadier.com/user/search?categoryid=d43da890-e478-4eee-b5d7-d38d9d55495f&category=Hepatitis%20C%20&%20HIV%20diagnostics'

2020-10-28 14:52:00 - [MESSAGE][WARNING] - Timeout '0' is invalid. Using default page load timeout: '30'

2020-10-28 14:52:00 - [MESSAGE][PASSED] - Object 'Object Repository/GDA homepage object/a_HEPATITIS C  HIV DIAGNOSTICS' has attribute 'href' with value 'https://gdastaging.test-arcadier.com/user/search?categoryid=d43da890-e478-4eee-b5d7-d38d9d55495f&category=Hepatitis%20C%20&%20HIV%20diagnostics']]></system-out>
         <system-err><![CDATA[]]></system-err>
      </testcase>
      <testcase name="Test Cases/GDA/TC_UI_008_GDA" time="16.444" classname="Test Cases/GDA/TC_UI_008_GDA" status="PASSED">
         <system-out><![CDATA[2020-10-28 14:52:00 - [TEST_CASE][PASSED] - Test Cases/GDA/TC_UI_008_GDA: Test Cases/GDA/TC_UI_008_GDA

2020-10-28 14:52:00 - [TEST_STEP][PASSED] - callTestCase(findTestCase("UTILITIES/Open Marketplace GDA"), [:], STOP_ON_FAILURE): Call Test Case 'Test Cases/UTILITIES/Open Marketplace GDA' successfully

2020-10-28 14:52:00 - [TEST_CASE][PASSED] - Test Cases/UTILITIES/Open Marketplace GDA: Test Cases/UTILITIES/Open Marketplace GDA

2020-10-28 14:52:00 - [TEST_STEP][PASSED] - openBrowser(""): Browser is opened with url: ''

2020-10-28 14:52:00 - [MESSAGE][WARNING] - A browser is already opened. Closing browser and opening a new one

2020-10-28 14:52:01 - [MESSAGE][INFO] - Starting 'Firefox' driver

2020-10-28 14:52:01 - [MESSAGE][INFO] - Action delay is set to 0 milliseconds

2020-10-28 14:52:04 - [MESSAGE][PASSED] - Browser is opened with url: ''

2020-10-28 14:52:04 - [TEST_STEP][PASSED] - navigateToUrl(otherurl): Navigate to 'https://gdastaging.test-arcadier.com/' successfully

2020-10-28 14:52:13 - [MESSAGE][PASSED] - Navigate to 'https://gdastaging.test-arcadier.com/' successfully

2020-10-28 14:52:13 - [MESSAGE][PASSED] - Call Test Case 'Test Cases/UTILITIES/Open Marketplace GDA' successfully

2020-10-28 14:52:13 - [TEST_STEP][PASSED] - verifyElementVisible(findTestObject("GDA homepage object/a_NTD DIAGNOSTICS")): Object 'Object Repository/GDA homepage object/a_NTD DIAGNOSTICS' is visible

2020-10-28 14:52:14 - [MESSAGE][PASSED] - Object 'Object Repository/GDA homepage object/a_NTD DIAGNOSTICS' is visible

2020-10-28 14:52:14 - [TEST_STEP][PASSED] - verifyElementText(findTestObject("GDA homepage object/a_NTD DIAGNOSTICS"), "NTD DIAGNOSTICS"): Actual text and expected text of test object 'Object Repository/GDA homepage object/a_NTD DIAGNOSTICS' are matched.

2020-10-28 14:52:14 - [MESSAGE][PASSED] - Actual text and expected text of test object 'Object Repository/GDA homepage object/a_NTD DIAGNOSTICS' are matched.

2020-10-28 14:52:14 - [TEST_STEP][PASSED] - verifyElementClickable(findTestObject("GDA homepage object/a_NTD DIAGNOSTICS")): Object 'Object Repository/GDA homepage object/a_NTD DIAGNOSTICS' is clickable

2020-10-28 14:52:16 - [MESSAGE][PASSED] - Object 'Object Repository/GDA homepage object/a_NTD DIAGNOSTICS' is clickable

2020-10-28 14:52:16 - [TEST_STEP][PASSED] - verifyElementAttributeValue(findTestObject("GDA homepage object/a_NTD DIAGNOSTICS"), "href", "https://gdastaging.test-arcadier.com/user/search?categoryid=e9eb5d81-8798-440f-975b-cf0baa7650ac&category=NTD%20diagnostics", 0): Object 'Object Repository/GDA homepage object/a_NTD DIAGNOSTICS' has attribute 'href' with value 'https://gdastaging.test-arcadier.com/user/search?categoryid=e9eb5d81-8798-440f-975b-cf0baa7650ac&category=NTD%20diagnostics'

2020-10-28 14:52:16 - [MESSAGE][WARNING] - Timeout '0' is invalid. Using default page load timeout: '30'

2020-10-28 14:52:16 - [MESSAGE][PASSED] - Object 'Object Repository/GDA homepage object/a_NTD DIAGNOSTICS' has attribute 'href' with value 'https://gdastaging.test-arcadier.com/user/search?categoryid=e9eb5d81-8798-440f-975b-cf0baa7650ac&category=NTD%20diagnostics']]></system-out>
         <system-err><![CDATA[]]></system-err>
      </testcase>
      <testcase name="Test Cases/GDA/TC_UI_009_GDA" time="15.42" classname="Test Cases/GDA/TC_UI_009_GDA" status="PASSED">
         <system-out><![CDATA[2020-10-28 14:52:16 - [TEST_CASE][PASSED] - Test Cases/GDA/TC_UI_009_GDA: Test Cases/GDA/TC_UI_009_GDA

2020-10-28 14:52:17 - [TEST_STEP][PASSED] - callTestCase(findTestCase("UTILITIES/Open Marketplace GDA"), [:], STOP_ON_FAILURE): Call Test Case 'Test Cases/UTILITIES/Open Marketplace GDA' successfully

2020-10-28 14:52:17 - [TEST_CASE][PASSED] - Test Cases/UTILITIES/Open Marketplace GDA: Test Cases/UTILITIES/Open Marketplace GDA

2020-10-28 14:52:17 - [TEST_STEP][PASSED] - openBrowser(""): Browser is opened with url: ''

2020-10-28 14:52:17 - [MESSAGE][WARNING] - A browser is already opened. Closing browser and opening a new one

2020-10-28 14:52:17 - [MESSAGE][INFO] - Starting 'Firefox' driver

2020-10-28 14:52:17 - [MESSAGE][INFO] - Action delay is set to 0 milliseconds

2020-10-28 14:52:20 - [MESSAGE][PASSED] - Browser is opened with url: ''

2020-10-28 14:52:20 - [TEST_STEP][PASSED] - navigateToUrl(otherurl): Navigate to 'https://gdastaging.test-arcadier.com/' successfully

2020-10-28 14:52:30 - [MESSAGE][PASSED] - Navigate to 'https://gdastaging.test-arcadier.com/' successfully

2020-10-28 14:52:30 - [MESSAGE][PASSED] - Call Test Case 'Test Cases/UTILITIES/Open Marketplace GDA' successfully

2020-10-28 14:52:30 - [TEST_STEP][PASSED] - verifyElementVisible(findTestObject("GDA homepage object/a_MALARIA DIAGNOSTICS")): Object 'Object Repository/GDA homepage object/a_MALARIA DIAGNOSTICS' is visible

2020-10-28 14:52:30 - [MESSAGE][PASSED] - Object 'Object Repository/GDA homepage object/a_MALARIA DIAGNOSTICS' is visible

2020-10-28 14:52:30 - [TEST_STEP][PASSED] - verifyElementText(findTestObject("GDA homepage object/a_MALARIA DIAGNOSTICS"), "MALARIA DIAGNOSTICS"): Actual text and expected text of test object 'Object Repository/GDA homepage object/a_MALARIA DIAGNOSTICS' are matched.

2020-10-28 14:52:31 - [MESSAGE][PASSED] - Actual text and expected text of test object 'Object Repository/GDA homepage object/a_MALARIA DIAGNOSTICS' are matched.

2020-10-28 14:52:31 - [TEST_STEP][PASSED] - verifyElementClickable(findTestObject("GDA homepage object/a_MALARIA DIAGNOSTICS")): Object 'Object Repository/GDA homepage object/a_MALARIA DIAGNOSTICS' is clickable

2020-10-28 14:52:32 - [MESSAGE][PASSED] - Object 'Object Repository/GDA homepage object/a_MALARIA DIAGNOSTICS' is clickable

2020-10-28 14:52:32 - [TEST_STEP][PASSED] - verifyElementAttributeValue(findTestObject("GDA homepage object/a_MALARIA DIAGNOSTICS"), "href", "https://gdastaging.test-arcadier.com/user/search?categoryid=b09fe177-3ffb-4f6b-82bc-2df16e850bd5&category=Malaria%20diagnostics", 0): Object 'Object Repository/GDA homepage object/a_MALARIA DIAGNOSTICS' has attribute 'href' with value 'https://gdastaging.test-arcadier.com/user/search?categoryid=b09fe177-3ffb-4f6b-82bc-2df16e850bd5&category=Malaria%20diagnostics'

2020-10-28 14:52:32 - [MESSAGE][WARNING] - Timeout '0' is invalid. Using default page load timeout: '30'

2020-10-28 14:52:32 - [MESSAGE][PASSED] - Object 'Object Repository/GDA homepage object/a_MALARIA DIAGNOSTICS' has attribute 'href' with value 'https://gdastaging.test-arcadier.com/user/search?categoryid=b09fe177-3ffb-4f6b-82bc-2df16e850bd5&category=Malaria%20diagnostics']]></system-out>
         <system-err><![CDATA[]]></system-err>
      </testcase>
      <testcase name="Test Cases/GDA/TC_UI_010" time="18.81" classname="Test Cases/GDA/TC_UI_010" status="PASSED">
         <system-out><![CDATA[2020-10-28 14:52:32 - [TEST_CASE][PASSED] - Test Cases/GDA/TC_UI_010: Test Cases/GDA/TC_UI_010

2020-10-28 14:52:32 - [TEST_STEP][PASSED] - callTestCase(findTestCase("UTILITIES/Open Marketplace GDA"), [:], STOP_ON_FAILURE): Call Test Case 'Test Cases/UTILITIES/Open Marketplace GDA' successfully

2020-10-28 14:52:32 - [TEST_CASE][PASSED] - Test Cases/UTILITIES/Open Marketplace GDA: Test Cases/UTILITIES/Open Marketplace GDA

2020-10-28 14:52:32 - [TEST_STEP][PASSED] - openBrowser(""): Browser is opened with url: ''

2020-10-28 14:52:32 - [MESSAGE][WARNING] - A browser is already opened. Closing browser and opening a new one

2020-10-28 14:52:33 - [MESSAGE][INFO] - Starting 'Firefox' driver

2020-10-28 14:52:33 - [MESSAGE][INFO] - Action delay is set to 0 milliseconds

2020-10-28 14:52:36 - [MESSAGE][PASSED] - Browser is opened with url: ''

2020-10-28 14:52:36 - [TEST_STEP][PASSED] - navigateToUrl(otherurl): Navigate to 'https://gdastaging.test-arcadier.com/' successfully

2020-10-28 14:52:47 - [MESSAGE][PASSED] - Navigate to 'https://gdastaging.test-arcadier.com/' successfully

2020-10-28 14:52:47 - [MESSAGE][PASSED] - Call Test Case 'Test Cases/UTILITIES/Open Marketplace GDA' successfully

2020-10-28 14:52:47 - [TEST_STEP][PASSED] - verifyElementVisible(findTestObject("GDA homepage object/div_GDA Marketplace slider"), STOP_ON_FAILURE): Object 'Object Repository/GDA homepage object/div_GDA Marketplace slider' is visible

2020-10-28 14:52:49 - [MESSAGE][PASSED] - Object 'Object Repository/GDA homepage object/div_GDA Marketplace slider' is visible

2020-10-28 14:52:49 - [TEST_STEP][PASSED] - verifyElementNotPresent(findTestObject("COVID19 homepage object/div_COVID-19 slider"), 0): Web element with id: 'Object Repository/COVID19 homepage object/div_COVID-19 slider' located by 'By.xpath: //div[@id='panel-9fad299e-05f8-4d82-8094-a2c7f1c35b29']/div' is not present after '30' second(s)

2020-10-28 14:52:49 - [MESSAGE][WARNING] - Timeout '0' is invalid. Using default page load timeout: '30'

2020-10-28 14:52:51 - [MESSAGE][PASSED] - Web element with id: 'Object Repository/COVID19 homepage object/div_COVID-19 slider' located by 'By.xpath: //div[@id='panel-9fad299e-05f8-4d82-8094-a2c7f1c35b29']/div' is not present after '30' second(s)]]></system-out>
         <system-err><![CDATA[]]></system-err>
      </testcase>
      <testcase name="Test Cases/GDA/TC_UI_011" time="19.099" classname="Test Cases/GDA/TC_UI_011" status="PASSED">
         <system-out><![CDATA[2020-10-28 14:52:51 - [TEST_CASE][PASSED] - Test Cases/GDA/TC_UI_011: Test Cases/GDA/TC_UI_011

2020-10-28 14:52:51 - [TEST_STEP][PASSED] - callTestCase(findTestCase("UTILITIES/Open Marketplace GDA"), [:], STOP_ON_FAILURE): Call Test Case 'Test Cases/UTILITIES/Open Marketplace GDA' successfully

2020-10-28 14:52:51 - [TEST_CASE][PASSED] - Test Cases/UTILITIES/Open Marketplace GDA: Test Cases/UTILITIES/Open Marketplace GDA

2020-10-28 14:52:51 - [TEST_STEP][PASSED] - openBrowser(""): Browser is opened with url: ''

2020-10-28 14:52:51 - [MESSAGE][WARNING] - A browser is already opened. Closing browser and opening a new one

2020-10-28 14:52:52 - [MESSAGE][INFO] - Starting 'Firefox' driver

2020-10-28 14:52:52 - [MESSAGE][INFO] - Action delay is set to 0 milliseconds

2020-10-28 14:52:54 - [MESSAGE][PASSED] - Browser is opened with url: ''

2020-10-28 14:52:54 - [TEST_STEP][PASSED] - navigateToUrl(otherurl): Navigate to 'https://gdastaging.test-arcadier.com/' successfully

2020-10-28 14:53:05 - [MESSAGE][PASSED] - Navigate to 'https://gdastaging.test-arcadier.com/' successfully

2020-10-28 14:53:05 - [MESSAGE][PASSED] - Call Test Case 'Test Cases/UTILITIES/Open Marketplace GDA' successfully

2020-10-28 14:53:05 - [TEST_STEP][PASSED] - verifyElementVisible(findTestObject("GDA homepage object/div_GDA Panel 1")): Object 'Object Repository/GDA homepage object/div_GDA Panel 1' is visible

2020-10-28 14:53:06 - [MESSAGE][PASSED] - Object 'Object Repository/GDA homepage object/div_GDA Panel 1' is visible

2020-10-28 14:53:06 - [TEST_STEP][PASSED] - verifyElementVisible(findTestObject("GDA homepage object/div_GDA Panel2"), STOP_ON_FAILURE): Object 'Object Repository/GDA homepage object/div_GDA Panel2' is visible

2020-10-28 14:53:07 - [MESSAGE][PASSED] - Object 'Object Repository/GDA homepage object/div_GDA Panel2' is visible

2020-10-28 14:53:07 - [TEST_STEP][PASSED] - verifyElementVisible(findTestObject("GDA homepage object/div_GDA Panel 3")): Object 'Object Repository/GDA homepage object/div_GDA Panel 3' is visible

2020-10-28 14:53:08 - [MESSAGE][PASSED] - Object 'Object Repository/GDA homepage object/div_GDA Panel 3' is visible

2020-10-28 14:53:08 - [TEST_STEP][PASSED] - verifyElementVisible(findTestObject("GDA homepage object/div_GDA Panel 4")): Object 'Object Repository/GDA homepage object/div_GDA Panel 4' is visible

2020-10-28 14:53:08 - [MESSAGE][PASSED] - Object 'Object Repository/GDA homepage object/div_GDA Panel 4' is visible

2020-10-28 14:53:08 - [TEST_STEP][PASSED] - verifyElementVisible(findTestObject("GDA homepage object/div_GDA Panel5")): Object 'Object Repository/GDA homepage object/div_GDA Panel5' is visible

2020-10-28 14:53:08 - [MESSAGE][PASSED] - Object 'Object Repository/GDA homepage object/div_GDA Panel5' is visible

2020-10-28 14:53:08 - [TEST_STEP][PASSED] - verifyElementVisible(findTestObject("GDA homepage object/div_GDA Panel 6")): Object 'Object Repository/GDA homepage object/div_GDA Panel 6' is visible

2020-10-28 14:53:09 - [MESSAGE][PASSED] - Object 'Object Repository/GDA homepage object/div_GDA Panel 6' is visible

2020-10-28 14:53:09 - [TEST_STEP][PASSED] - verifyElementVisible(findTestObject("GDA homepage object/div_GDA Panel 7")): Object 'Object Repository/GDA homepage object/div_GDA Panel 7' is visible

2020-10-28 14:53:09 - [MESSAGE][PASSED] - Object 'Object Repository/GDA homepage object/div_GDA Panel 7' is visible

2020-10-28 14:53:09 - [TEST_STEP][PASSED] - verifyElementVisible(findTestObject("GDA homepage object/div_GDA Panel 8")): Object 'Object Repository/GDA homepage object/div_GDA Panel 8' is visible

2020-10-28 14:53:09 - [MESSAGE][PASSED] - Object 'Object Repository/GDA homepage object/div_GDA Panel 8' is visible

2020-10-28 14:53:09 - [TEST_STEP][PASSED] - verifyElementVisible(findTestObject("GDA homepage object/div_GDA Panel 9")): Object 'Object Repository/GDA homepage object/div_GDA Panel 9' is visible

2020-10-28 14:53:10 - [MESSAGE][PASSED] - Object 'Object Repository/GDA homepage object/div_GDA Panel 9' is visible]]></system-out>
         <system-err><![CDATA[]]></system-err>
      </testcase>
      <testcase name="Test Cases/GDA/TC_UI_012" time="17.169" classname="Test Cases/GDA/TC_UI_012" status="FAILED">
         <failure type="FAILED" message="Test Cases/GDA/TC_UI_012 FAILED.
Reason:
com.kms.katalon.core.exception.StepFailedException: Unable to verify object 'Object Repository/COVID19 homepage object/div_COVID-19 Panel 2' is NOT visible
	at com.kms.katalon.core.webui.keyword.internal.WebUIKeywordMain.stepFailed(WebUIKeywordMain.groovy:64)
	at com.kms.katalon.core.webui.keyword.internal.WebUIKeywordMain.runKeyword(WebUIKeywordMain.groovy:26)
	at com.kms.katalon.core.webui.keyword.builtin.VerifyElementNotVisibleKeyword.verifyElementNotVisible(VerifyElementNotVisibleKeyword.groovy:97)
	at com.kms.katalon.core.webui.keyword.builtin.VerifyElementNotVisibleKeyword.execute(VerifyElementNotVisibleKeyword.groovy:67)
	at com.kms.katalon.core.keyword.internal.KeywordExecutor.executeKeywordForPlatform(KeywordExecutor.groovy:73)
	at com.kms.katalon.core.webui.keyword.WebUiBuiltInKeywords.verifyElementNotVisible(WebUiBuiltInKeywords.groovy:401)
	at com.kms.katalon.core.webui.keyword.WebUiBuiltInKeywords$verifyElementNotVisible$2.call(Unknown Source)
	at TC_UI_012.run(TC_UI_012:22)
	at com.kms.katalon.core.main.ScriptEngine.run(ScriptEngine.java:194)
	at com.kms.katalon.core.main.ScriptEngine.runScriptAsRawText(ScriptEngine.java:119)
	at com.kms.katalon.core.main.TestCaseExecutor.runScript(TestCaseExecutor.java:339)
	at com.kms.katalon.core.main.TestCaseExecutor.doExecute(TestCaseExecutor.java:330)
	at com.kms.katalon.core.main.TestCaseExecutor.processExecutionPhase(TestCaseExecutor.java:309)
	at com.kms.katalon.core.main.TestCaseExecutor.accessMainPhase(TestCaseExecutor.java:301)
	at com.kms.katalon.core.main.TestCaseExecutor.execute(TestCaseExecutor.java:235)
	at com.kms.katalon.core.main.TestSuiteExecutor.accessTestCaseMainPhase(TestSuiteExecutor.java:191)
	at com.kms.katalon.core.main.TestSuiteExecutor.accessTestSuiteMainPhase(TestSuiteExecutor.java:141)
	at com.kms.katalon.core.main.TestSuiteExecutor.execute(TestSuiteExecutor.java:90)
	at com.kms.katalon.core.main.TestCaseMain.startTestSuite(TestCaseMain.java:157)
	at com.kms.katalon.core.main.TestCaseMain$startTestSuite$0.call(Unknown Source)
	at TempTestSuite1603867801037.run(TempTestSuite1603867801037.groovy:39)
Caused by: com.kms.katalon.core.exception.StepFailedException: Object 'Object Repository/COVID19 homepage object/div_COVID-19 Panel 2' is visible
	at com.kms.katalon.core.webui.keyword.internal.WebUIKeywordMain.stepFailed(WebUIKeywordMain.groovy:64)
	at com.kms.katalon.core.webui.keyword.builtin.VerifyElementNotVisibleKeyword$_verifyElementNotVisible_closure1.doCall(VerifyElementNotVisibleKeyword.groovy:83)
	at com.kms.katalon.core.webui.keyword.builtin.VerifyElementNotVisibleKeyword$_verifyElementNotVisible_closure1.call(VerifyElementNotVisibleKeyword.groovy)
	at com.kms.katalon.core.webui.keyword.internal.WebUIKeywordMain.runKeyword(WebUIKeywordMain.groovy:20)
	... 19 more
"/>
         <system-out><![CDATA[2020-10-28 14:53:10 - [TEST_CASE][FAILED] - Test Cases/GDA/TC_UI_012: Test Cases/GDA/TC_UI_012 FAILED.
Reason:
com.kms.katalon.core.exception.StepFailedException: Unable to verify object 'Object Repository/COVID19 homepage object/div_COVID-19 Panel 2' is NOT visible
	at com.kms.katalon.core.webui.keyword.internal.WebUIKeywordMain.stepFailed(WebUIKeywordMain.groovy:64)
	at com.kms.katalon.core.webui.keyword.internal.WebUIKeywordMain.runKeyword(WebUIKeywordMain.groovy:26)
	at com.kms.katalon.core.webui.keyword.builtin.VerifyElementNotVisibleKeyword.verifyElementNotVisible(VerifyElementNotVisibleKeyword.groovy:97)
	at com.kms.katalon.core.webui.keyword.builtin.VerifyElementNotVisibleKeyword.execute(VerifyElementNotVisibleKeyword.groovy:67)
	at com.kms.katalon.core.keyword.internal.KeywordExecutor.executeKeywordForPlatform(KeywordExecutor.groovy:73)
	at com.kms.katalon.core.webui.keyword.WebUiBuiltInKeywords.verifyElementNotVisible(WebUiBuiltInKeywords.groovy:401)
	at com.kms.katalon.core.webui.keyword.WebUiBuiltInKeywords$verifyElementNotVisible$2.call(Unknown Source)
	at TC_UI_012.run(TC_UI_012:22)
	at com.kms.katalon.core.main.ScriptEngine.run(ScriptEngine.java:194)
	at com.kms.katalon.core.main.ScriptEngine.runScriptAsRawText(ScriptEngine.java:119)
	at com.kms.katalon.core.main.TestCaseExecutor.runScript(TestCaseExecutor.java:339)
	at com.kms.katalon.core.main.TestCaseExecutor.doExecute(TestCaseExecutor.java:330)
	at com.kms.katalon.core.main.TestCaseExecutor.processExecutionPhase(TestCaseExecutor.java:309)
	at com.kms.katalon.core.main.TestCaseExecutor.accessMainPhase(TestCaseExecutor.java:301)
	at com.kms.katalon.core.main.TestCaseExecutor.execute(TestCaseExecutor.java:235)
	at com.kms.katalon.core.main.TestSuiteExecutor.accessTestCaseMainPhase(TestSuiteExecutor.java:191)
	at com.kms.katalon.core.main.TestSuiteExecutor.accessTestSuiteMainPhase(TestSuiteExecutor.java:141)
	at com.kms.katalon.core.main.TestSuiteExecutor.execute(TestSuiteExecutor.java:90)
	at com.kms.katalon.core.main.TestCaseMain.startTestSuite(TestCaseMain.java:157)
	at com.kms.katalon.core.main.TestCaseMain$startTestSuite$0.call(Unknown Source)
	at TempTestSuite1603867801037.run(TempTestSuite1603867801037.groovy:39)
Caused by: com.kms.katalon.core.exception.StepFailedException: Object 'Object Repository/COVID19 homepage object/div_COVID-19 Panel 2' is visible
	at com.kms.katalon.core.webui.keyword.internal.WebUIKeywordMain.stepFailed(WebUIKeywordMain.groovy:64)
	at com.kms.katalon.core.webui.keyword.builtin.VerifyElementNotVisibleKeyword$_verifyElementNotVisible_closure1.doCall(VerifyElementNotVisibleKeyword.groovy:83)
	at com.kms.katalon.core.webui.keyword.builtin.VerifyElementNotVisibleKeyword$_verifyElementNotVisible_closure1.call(VerifyElementNotVisibleKeyword.groovy)
	at com.kms.katalon.core.webui.keyword.internal.WebUIKeywordMain.runKeyword(WebUIKeywordMain.groovy:20)
	... 19 more


2020-10-28 14:53:10 - [TEST_STEP][PASSED] - callTestCase(findTestCase("UTILITIES/Open Marketplace GDA"), [:], STOP_ON_FAILURE): Call Test Case 'Test Cases/UTILITIES/Open Marketplace GDA' successfully

2020-10-28 14:53:10 - [TEST_CASE][PASSED] - Test Cases/UTILITIES/Open Marketplace GDA: Test Cases/UTILITIES/Open Marketplace GDA

2020-10-28 14:53:10 - [TEST_STEP][PASSED] - openBrowser(""): Browser is opened with url: ''

2020-10-28 14:53:10 - [MESSAGE][WARNING] - A browser is already opened. Closing browser and opening a new one

2020-10-28 14:53:11 - [MESSAGE][INFO] - Starting 'Firefox' driver

2020-10-28 14:53:11 - [MESSAGE][INFO] - Action delay is set to 0 milliseconds

2020-10-28 14:53:13 - [MESSAGE][PASSED] - Browser is opened with url: ''

2020-10-28 14:53:13 - [TEST_STEP][PASSED] - navigateToUrl(otherurl): Navigate to 'https://gdastaging.test-arcadier.com/' successfully

2020-10-28 14:53:24 - [MESSAGE][PASSED] - Navigate to 'https://gdastaging.test-arcadier.com/' successfully

2020-10-28 14:53:24 - [MESSAGE][PASSED] - Call Test Case 'Test Cases/UTILITIES/Open Marketplace GDA' successfully

2020-10-28 14:53:24 - [TEST_STEP][PASSED] - verifyElementNotVisible(findTestObject("COVID19 homepage object/div_COVID-19 Panel 1")): Object 'Object Repository/COVID19 homepage object/div_COVID-19 Panel 1' is NOT visible

2020-10-28 14:53:25 - [MESSAGE][PASSED] - Object 'Object Repository/COVID19 homepage object/div_COVID-19 Panel 1' is NOT visible

2020-10-28 14:53:25 - [TEST_STEP][FAILED] - verifyElementNotVisible(findTestObject("COVID19 homepage object/div_COVID-19 Panel 2")): Unable to verify object 'Object Repository/COVID19 homepage object/div_COVID-19 Panel 2' is NOT visible (Root cause: com.kms.katalon.core.exception.StepFailedException: Unable to verify object 'Object Repository/COVID19 homepage object/div_COVID-19 Panel 2' is NOT visible
	at com.kms.katalon.core.webui.keyword.internal.WebUIKeywordMain.stepFailed(WebUIKeywordMain.groovy:64)
	at com.kms.katalon.core.webui.keyword.internal.WebUIKeywordMain.runKeyword(WebUIKeywordMain.groovy:26)
	at com.kms.katalon.core.webui.keyword.builtin.VerifyElementNotVisibleKeyword.verifyElementNotVisible(VerifyElementNotVisibleKeyword.groovy:97)
	at com.kms.katalon.core.webui.keyword.builtin.VerifyElementNotVisibleKeyword.execute(VerifyElementNotVisibleKeyword.groovy:67)
	at com.kms.katalon.core.keyword.internal.KeywordExecutor.executeKeywordForPlatform(KeywordExecutor.groovy:73)
	at com.kms.katalon.core.webui.keyword.WebUiBuiltInKeywords.verifyElementNotVisible(WebUiBuiltInKeywords.groovy:401)
	at com.kms.katalon.core.webui.keyword.WebUiBuiltInKeywords$verifyElementNotVisible$2.call(Unknown Source)
	at TC_UI_012.run(TC_UI_012:22)
	at com.kms.katalon.core.main.ScriptEngine.run(ScriptEngine.java:194)
	at com.kms.katalon.core.main.ScriptEngine.runScriptAsRawText(ScriptEngine.java:119)
	at com.kms.katalon.core.main.TestCaseExecutor.runScript(TestCaseExecutor.java:339)
	at com.kms.katalon.core.main.TestCaseExecutor.doExecute(TestCaseExecutor.java:330)
	at com.kms.katalon.core.main.TestCaseExecutor.processExecutionPhase(TestCaseExecutor.java:309)
	at com.kms.katalon.core.main.TestCaseExecutor.accessMainPhase(TestCaseExecutor.java:301)
	at com.kms.katalon.core.main.TestCaseExecutor.execute(TestCaseExecutor.java:235)
	at com.kms.katalon.core.main.TestSuiteExecutor.accessTestCaseMainPhase(TestSuiteExecutor.java:191)
	at com.kms.katalon.core.main.TestSuiteExecutor.accessTestSuiteMainPhase(TestSuiteExecutor.java:141)
	at com.kms.katalon.core.main.TestSuiteExecutor.execute(TestSuiteExecutor.java:90)
	at com.kms.katalon.core.main.TestCaseMain.startTestSuite(TestCaseMain.java:157)
	at com.kms.katalon.core.main.TestCaseMain$startTestSuite$0.call(Unknown Source)
	at TempTestSuite1603867801037.run(TempTestSuite1603867801037.groovy:39)
Caused by: com.kms.katalon.core.exception.StepFailedException: Object 'Object Repository/COVID19 homepage object/div_COVID-19 Panel 2' is visible
	at com.kms.katalon.core.webui.keyword.internal.WebUIKeywordMain.stepFailed(WebUIKeywordMain.groovy:64)
	at com.kms.katalon.core.webui.keyword.builtin.VerifyElementNotVisibleKeyword$_verifyElementNotVisible_closure1.doCall(VerifyElementNotVisibleKeyword.groovy:83)
	at com.kms.katalon.core.webui.keyword.builtin.VerifyElementNotVisibleKeyword$_verifyElementNotVisible_closure1.call(VerifyElementNotVisibleKeyword.groovy)
	at com.kms.katalon.core.webui.keyword.internal.WebUIKeywordMain.runKeyword(WebUIKeywordMain.groovy:20)
	... 19 more
)

2020-10-28 14:53:27 - [MESSAGE][FAILED] - Object 'Object Repository/COVID19 homepage object/div_COVID-19 Panel 2' is visible (Root cause: com.kms.katalon.core.exception.StepFailedException: Object 'Object Repository/COVID19 homepage object/div_COVID-19 Panel 2' is visible
	at com.kms.katalon.core.webui.keyword.internal.WebUIKeywordMain.stepFailed(WebUIKeywordMain.groovy:64)
	at com.kms.katalon.core.webui.keyword.builtin.VerifyElementNotVisibleKeyword$_verifyElementNotVisible_closure1.doCall(VerifyElementNotVisibleKeyword.groovy:83)
	at com.kms.katalon.core.webui.keyword.builtin.VerifyElementNotVisibleKeyword$_verifyElementNotVisible_closure1.call(VerifyElementNotVisibleKeyword.groovy)
	at com.kms.katalon.core.webui.keyword.internal.WebUIKeywordMain.runKeyword(WebUIKeywordMain.groovy:20)
	at com.kms.katalon.core.webui.keyword.builtin.VerifyElementNotVisibleKeyword.verifyElementNotVisible(VerifyElementNotVisibleKeyword.groovy:97)
	at com.kms.katalon.core.webui.keyword.builtin.VerifyElementNotVisibleKeyword.execute(VerifyElementNotVisibleKeyword.groovy:67)
	at com.kms.katalon.core.keyword.internal.KeywordExecutor.executeKeywordForPlatform(KeywordExecutor.groovy:73)
	at com.kms.katalon.core.webui.keyword.WebUiBuiltInKeywords.verifyElementNotVisible(WebUiBuiltInKeywords.groovy:401)
	at com.kms.katalon.core.webui.keyword.WebUiBuiltInKeywords$verifyElementNotVisible$2.call(Unknown Source)
	at TC_UI_012.run(TC_UI_012:22)
	at com.kms.katalon.core.main.ScriptEngine.run(ScriptEngine.java:194)
	at com.kms.katalon.core.main.ScriptEngine.runScriptAsRawText(ScriptEngine.java:119)
	at com.kms.katalon.core.main.TestCaseExecutor.runScript(TestCaseExecutor.java:339)
	at com.kms.katalon.core.main.TestCaseExecutor.doExecute(TestCaseExecutor.java:330)
	at com.kms.katalon.core.main.TestCaseExecutor.processExecutionPhase(TestCaseExecutor.java:309)
	at com.kms.katalon.core.main.TestCaseExecutor.accessMainPhase(TestCaseExecutor.java:301)
	at com.kms.katalon.core.main.TestCaseExecutor.execute(TestCaseExecutor.java:235)
	at com.kms.katalon.core.main.TestSuiteExecutor.accessTestCaseMainPhase(TestSuiteExecutor.java:191)
	at com.kms.katalon.core.main.TestSuiteExecutor.accessTestSuiteMainPhase(TestSuiteExecutor.java:141)
	at com.kms.katalon.core.main.TestSuiteExecutor.execute(TestSuiteExecutor.java:90)
	at com.kms.katalon.core.main.TestCaseMain.startTestSuite(TestCaseMain.java:157)
	at com.kms.katalon.core.main.TestCaseMain$startTestSuite$0.call(Unknown Source)
	at TempTestSuite1603867801037.run(TempTestSuite1603867801037.groovy:39)
)
[[ATTACHMENT|K:\\Work\\GitHub\\find-common-custom-code\\Reports\\20201028_145001\\GDA\\20201028_145001\\1603868007149.png]]

2020-10-28 14:53:27 - [MESSAGE][FAILED] - Unable to verify object 'Object Repository/COVID19 homepage object/div_COVID-19 Panel 2' is NOT visible (Root cause: com.kms.katalon.core.exception.StepFailedException: Unable to verify object 'Object Repository/COVID19 homepage object/div_COVID-19 Panel 2' is NOT visible
	at com.kms.katalon.core.webui.keyword.internal.WebUIKeywordMain.stepFailed(WebUIKeywordMain.groovy:64)
	at com.kms.katalon.core.webui.keyword.internal.WebUIKeywordMain.runKeyword(WebUIKeywordMain.groovy:26)
	at com.kms.katalon.core.webui.keyword.builtin.VerifyElementNotVisibleKeyword.verifyElementNotVisible(VerifyElementNotVisibleKeyword.groovy:97)
	at com.kms.katalon.core.webui.keyword.builtin.VerifyElementNotVisibleKeyword.execute(VerifyElementNotVisibleKeyword.groovy:67)
	at com.kms.katalon.core.keyword.internal.KeywordExecutor.executeKeywordForPlatform(KeywordExecutor.groovy:73)
	at com.kms.katalon.core.webui.keyword.WebUiBuiltInKeywords.verifyElementNotVisible(WebUiBuiltInKeywords.groovy:401)
	at com.kms.katalon.core.webui.keyword.WebUiBuiltInKeywords$verifyElementNotVisible$2.call(Unknown Source)
	at TC_UI_012.run(TC_UI_012:22)
	at com.kms.katalon.core.main.ScriptEngine.run(ScriptEngine.java:194)
	at com.kms.katalon.core.main.ScriptEngine.runScriptAsRawText(ScriptEngine.java:119)
	at com.kms.katalon.core.main.TestCaseExecutor.runScript(TestCaseExecutor.java:339)
	at com.kms.katalon.core.main.TestCaseExecutor.doExecute(TestCaseExecutor.java:330)
	at com.kms.katalon.core.main.TestCaseExecutor.processExecutionPhase(TestCaseExecutor.java:309)
	at com.kms.katalon.core.main.TestCaseExecutor.accessMainPhase(TestCaseExecutor.java:301)
	at com.kms.katalon.core.main.TestCaseExecutor.execute(TestCaseExecutor.java:235)
	at com.kms.katalon.core.main.TestSuiteExecutor.accessTestCaseMainPhase(TestSuiteExecutor.java:191)
	at com.kms.katalon.core.main.TestSuiteExecutor.accessTestSuiteMainPhase(TestSuiteExecutor.java:141)
	at com.kms.katalon.core.main.TestSuiteExecutor.execute(TestSuiteExecutor.java:90)
	at com.kms.katalon.core.main.TestCaseMain.startTestSuite(TestCaseMain.java:157)
	at com.kms.katalon.core.main.TestCaseMain$startTestSuite$0.call(Unknown Source)
	at TempTestSuite1603867801037.run(TempTestSuite1603867801037.groovy:39)
Caused by: com.kms.katalon.core.exception.StepFailedException: Object 'Object Repository/COVID19 homepage object/div_COVID-19 Panel 2' is visible
	at com.kms.katalon.core.webui.keyword.internal.WebUIKeywordMain.stepFailed(WebUIKeywordMain.groovy:64)
	at com.kms.katalon.core.webui.keyword.builtin.VerifyElementNotVisibleKeyword$_verifyElementNotVisible_closure1.doCall(VerifyElementNotVisibleKeyword.groovy:83)
	at com.kms.katalon.core.webui.keyword.builtin.VerifyElementNotVisibleKeyword$_verifyElementNotVisible_closure1.call(VerifyElementNotVisibleKeyword.groovy)
	at com.kms.katalon.core.webui.keyword.internal.WebUIKeywordMain.runKeyword(WebUIKeywordMain.groovy:20)
	... 19 more
)
[[ATTACHMENT|K:\\Work\\GitHub\\find-common-custom-code\\Reports\\20201028_145001\\GDA\\20201028_145001\\1603868007302.png]]]]></system-out>
         <system-err><![CDATA[2020-10-28 14:53:10 - [TEST_CASE][FAILED] - Test Cases/GDA/TC_UI_012: Test Cases/GDA/TC_UI_012 FAILED.
Reason:
com.kms.katalon.core.exception.StepFailedException: Unable to verify object 'Object Repository/COVID19 homepage object/div_COVID-19 Panel 2' is NOT visible
	at com.kms.katalon.core.webui.keyword.internal.WebUIKeywordMain.stepFailed(WebUIKeywordMain.groovy:64)
	at com.kms.katalon.core.webui.keyword.internal.WebUIKeywordMain.runKeyword(WebUIKeywordMain.groovy:26)
	at com.kms.katalon.core.webui.keyword.builtin.VerifyElementNotVisibleKeyword.verifyElementNotVisible(VerifyElementNotVisibleKeyword.groovy:97)
	at com.kms.katalon.core.webui.keyword.builtin.VerifyElementNotVisibleKeyword.execute(VerifyElementNotVisibleKeyword.groovy:67)
	at com.kms.katalon.core.keyword.internal.KeywordExecutor.executeKeywordForPlatform(KeywordExecutor.groovy:73)
	at com.kms.katalon.core.webui.keyword.WebUiBuiltInKeywords.verifyElementNotVisible(WebUiBuiltInKeywords.groovy:401)
	at com.kms.katalon.core.webui.keyword.WebUiBuiltInKeywords$verifyElementNotVisible$2.call(Unknown Source)
	at TC_UI_012.run(TC_UI_012:22)
	at com.kms.katalon.core.main.ScriptEngine.run(ScriptEngine.java:194)
	at com.kms.katalon.core.main.ScriptEngine.runScriptAsRawText(ScriptEngine.java:119)
	at com.kms.katalon.core.main.TestCaseExecutor.runScript(TestCaseExecutor.java:339)
	at com.kms.katalon.core.main.TestCaseExecutor.doExecute(TestCaseExecutor.java:330)
	at com.kms.katalon.core.main.TestCaseExecutor.processExecutionPhase(TestCaseExecutor.java:309)
	at com.kms.katalon.core.main.TestCaseExecutor.accessMainPhase(TestCaseExecutor.java:301)
	at com.kms.katalon.core.main.TestCaseExecutor.execute(TestCaseExecutor.java:235)
	at com.kms.katalon.core.main.TestSuiteExecutor.accessTestCaseMainPhase(TestSuiteExecutor.java:191)
	at com.kms.katalon.core.main.TestSuiteExecutor.accessTestSuiteMainPhase(TestSuiteExecutor.java:141)
	at com.kms.katalon.core.main.TestSuiteExecutor.execute(TestSuiteExecutor.java:90)
	at com.kms.katalon.core.main.TestCaseMain.startTestSuite(TestCaseMain.java:157)
	at com.kms.katalon.core.main.TestCaseMain$startTestSuite$0.call(Unknown Source)
	at TempTestSuite1603867801037.run(TempTestSuite1603867801037.groovy:39)
Caused by: com.kms.katalon.core.exception.StepFailedException: Object 'Object Repository/COVID19 homepage object/div_COVID-19 Panel 2' is visible
	at com.kms.katalon.core.webui.keyword.internal.WebUIKeywordMain.stepFailed(WebUIKeywordMain.groovy:64)
	at com.kms.katalon.core.webui.keyword.builtin.VerifyElementNotVisibleKeyword$_verifyElementNotVisible_closure1.doCall(VerifyElementNotVisibleKeyword.groovy:83)
	at com.kms.katalon.core.webui.keyword.builtin.VerifyElementNotVisibleKeyword$_verifyElementNotVisible_closure1.call(VerifyElementNotVisibleKeyword.groovy)
	at com.kms.katalon.core.webui.keyword.internal.WebUIKeywordMain.runKeyword(WebUIKeywordMain.groovy:20)
	... 19 more]]></system-err>
      </testcase>
      <system-out><![CDATA[2020-10-28 14:50:11 - [TEST_SUITE][FAILED] - GDA: Test Cases/GDA/TC_UI_012 FAILED.
Reason:
com.kms.katalon.core.exception.StepFailedException: Unable to verify object 'Object Repository/COVID19 homepage object/div_COVID-19 Panel 2' is NOT visible
	at com.kms.katalon.core.webui.keyword.internal.WebUIKeywordMain.stepFailed(WebUIKeywordMain.groovy:64)
	at com.kms.katalon.core.webui.keyword.internal.WebUIKeywordMain.runKeyword(WebUIKeywordMain.groovy:26)
	at com.kms.katalon.core.webui.keyword.builtin.VerifyElementNotVisibleKeyword.verifyElementNotVisible(VerifyElementNotVisibleKeyword.groovy:97)
	at com.kms.katalon.core.webui.keyword.builtin.VerifyElementNotVisibleKeyword.execute(VerifyElementNotVisibleKeyword.groovy:67)
	at com.kms.katalon.core.keyword.internal.KeywordExecutor.executeKeywordForPlatform(KeywordExecutor.groovy:73)
	at com.kms.katalon.core.webui.keyword.WebUiBuiltInKeywords.verifyElementNotVisible(WebUiBuiltInKeywords.groovy:401)
	at com.kms.katalon.core.webui.keyword.WebUiBuiltInKeywords$verifyElementNotVisible$2.call(Unknown Source)
	at TC_UI_012.run(TC_UI_012:22)
	at com.kms.katalon.core.main.ScriptEngine.run(ScriptEngine.java:194)
	at com.kms.katalon.core.main.ScriptEngine.runScriptAsRawText(ScriptEngine.java:119)
	at com.kms.katalon.core.main.TestCaseExecutor.runScript(TestCaseExecutor.java:339)
	at com.kms.katalon.core.main.TestCaseExecutor.doExecute(TestCaseExecutor.java:330)
	at com.kms.katalon.core.main.TestCaseExecutor.processExecutionPhase(TestCaseExecutor.java:309)
	at com.kms.katalon.core.main.TestCaseExecutor.accessMainPhase(TestCaseExecutor.java:301)
	at com.kms.katalon.core.main.TestCaseExecutor.execute(TestCaseExecutor.java:235)
	at com.kms.katalon.core.main.TestSuiteExecutor.accessTestCaseMainPhase(TestSuiteExecutor.java:191)
	at com.kms.katalon.core.main.TestSuiteExecutor.accessTestSuiteMainPhase(TestSuiteExecutor.java:141)
	at com.kms.katalon.core.main.TestSuiteExecutor.execute(TestSuiteExecutor.java:90)
	at com.kms.katalon.core.main.TestCaseMain.startTestSuite(TestCaseMain.java:157)
	at com.kms.katalon.core.main.TestCaseMain$startTestSuite$0.call(Unknown Source)
	at TempTestSuite1603867801037.run(TempTestSuite1603867801037.groovy:39)
Caused by: com.kms.katalon.core.exception.StepFailedException: Object 'Object Repository/COVID19 homepage object/div_COVID-19 Panel 2' is visible
	at com.kms.katalon.core.webui.keyword.internal.WebUIKeywordMain.stepFailed(WebUIKeywordMain.groovy:64)
	at com.kms.katalon.core.webui.keyword.builtin.VerifyElementNotVisibleKeyword$_verifyElementNotVisible_closure1.doCall(VerifyElementNotVisibleKeyword.groovy:83)
	at com.kms.katalon.core.webui.keyword.builtin.VerifyElementNotVisibleKeyword$_verifyElementNotVisible_closure1.call(VerifyElementNotVisibleKeyword.groovy)
	at com.kms.katalon.core.webui.keyword.internal.WebUIKeywordMain.runKeyword(WebUIKeywordMain.groovy:20)
	... 19 more]]></system-out>
      <system-err><![CDATA[2020-10-28 14:50:11 - [TEST_SUITE][FAILED] - GDA: Test Cases/GDA/TC_UI_012 FAILED.
Reason:
com.kms.katalon.core.exception.StepFailedException: Unable to verify object 'Object Repository/COVID19 homepage object/div_COVID-19 Panel 2' is NOT visible
	at com.kms.katalon.core.webui.keyword.internal.WebUIKeywordMain.stepFailed(WebUIKeywordMain.groovy:64)
	at com.kms.katalon.core.webui.keyword.internal.WebUIKeywordMain.runKeyword(WebUIKeywordMain.groovy:26)
	at com.kms.katalon.core.webui.keyword.builtin.VerifyElementNotVisibleKeyword.verifyElementNotVisible(VerifyElementNotVisibleKeyword.groovy:97)
	at com.kms.katalon.core.webui.keyword.builtin.VerifyElementNotVisibleKeyword.execute(VerifyElementNotVisibleKeyword.groovy:67)
	at com.kms.katalon.core.keyword.internal.KeywordExecutor.executeKeywordForPlatform(KeywordExecutor.groovy:73)
	at com.kms.katalon.core.webui.keyword.WebUiBuiltInKeywords.verifyElementNotVisible(WebUiBuiltInKeywords.groovy:401)
	at com.kms.katalon.core.webui.keyword.WebUiBuiltInKeywords$verifyElementNotVisible$2.call(Unknown Source)
	at TC_UI_012.run(TC_UI_012:22)
	at com.kms.katalon.core.main.ScriptEngine.run(ScriptEngine.java:194)
	at com.kms.katalon.core.main.ScriptEngine.runScriptAsRawText(ScriptEngine.java:119)
	at com.kms.katalon.core.main.TestCaseExecutor.runScript(TestCaseExecutor.java:339)
	at com.kms.katalon.core.main.TestCaseExecutor.doExecute(TestCaseExecutor.java:330)
	at com.kms.katalon.core.main.TestCaseExecutor.processExecutionPhase(TestCaseExecutor.java:309)
	at com.kms.katalon.core.main.TestCaseExecutor.accessMainPhase(TestCaseExecutor.java:301)
	at com.kms.katalon.core.main.TestCaseExecutor.execute(TestCaseExecutor.java:235)
	at com.kms.katalon.core.main.TestSuiteExecutor.accessTestCaseMainPhase(TestSuiteExecutor.java:191)
	at com.kms.katalon.core.main.TestSuiteExecutor.accessTestSuiteMainPhase(TestSuiteExecutor.java:141)
	at com.kms.katalon.core.main.TestSuiteExecutor.execute(TestSuiteExecutor.java:90)
	at com.kms.katalon.core.main.TestCaseMain.startTestSuite(TestCaseMain.java:157)
	at com.kms.katalon.core.main.TestCaseMain$startTestSuite$0.call(Unknown Source)
	at TempTestSuite1603867801037.run(TempTestSuite1603867801037.groovy:39)
Caused by: com.kms.katalon.core.exception.StepFailedException: Object 'Object Repository/COVID19 homepage object/div_COVID-19 Panel 2' is visible
	at com.kms.katalon.core.webui.keyword.internal.WebUIKeywordMain.stepFailed(WebUIKeywordMain.groovy:64)
	at com.kms.katalon.core.webui.keyword.builtin.VerifyElementNotVisibleKeyword$_verifyElementNotVisible_closure1.doCall(VerifyElementNotVisibleKeyword.groovy:83)
	at com.kms.katalon.core.webui.keyword.builtin.VerifyElementNotVisibleKeyword$_verifyElementNotVisible_closure1.call(VerifyElementNotVisibleKeyword.groovy)
	at com.kms.katalon.core.webui.keyword.internal.WebUIKeywordMain.runKeyword(WebUIKeywordMain.groovy:20)
	... 19 more]]></system-err>
   </testsuite>
</testsuites>
